[Message:   BepInEx] BepInEx 5.4.22.0 - EscapeFromTarkov (8/8/2024 11:18:05 PM)
[Info   :   BepInEx] Running under Unity v0.14.9.3062
[Info   :   BepInEx] CLR runtime version: 4.0.30319.42000
[Info   :   BepInEx] Supports SRE: True
[Info   :   BepInEx] System platform: Bits64, Windows
[Message:   BepInEx] Preloader started
[Info   :   BepInEx] Loaded 1 patcher method from [BepInEx.Preloader 5.4.22.0]
[Info   :   BepInEx] Loaded 1 patcher method from [spt-prepatch 3.9.5.0]
[Info   :   BepInEx] Loaded 1 patcher method from [WTT-RogueJusticePreloader 1.0.2.0]
[Info   :   BepInEx] 3 patcher plugins loaded
[Info   :   BepInEx] Patching [UnityEngine.CoreModule] with [BepInEx.Chainloader]
[Info   :   BepInEx] Patching [Assembly-CSharp] with [SPT.PrePatch.SPTPrePatcher]
[Info   :   BepInEx] Patching [Assembly-CSharp] with [PunisherBossPreloader.WildSpawnTypePatch]
[Message:   BepInEx] Preloader finished
[Message:   BepInEx] Chainloader ready
[Message:   BepInEx] Chainloader started
[Info   :   BepInEx] 5 plugins to load
[Info   :   BepInEx] Loading [Configuration Manager 18.0.1]
[Info   :   BepInEx] Loading [SPT.Core 3.9.5]
[Info   :  SPT.Core] Loading: SPT.Core
[Info   :ModulePatch] Enabled patch ConsistencySinglePatch
[Info   :ModulePatch] Enabled patch ConsistencyMultiPatch
[Info   :ModulePatch] Enabled patch GameValidationPatch
[Info   :ModulePatch] Enabled patch BattlEyePatch
[Info   :ModulePatch] Enabled patch SslCertificatePatch
[Info   :ModulePatch] Enabled patch UnityWebRequestPatch
[Info   :ModulePatch] Enabled patch WebSocketPatch
[Info   :ModulePatch] Enabled patch TransportPrefixPatch
[Info   :  SPT.Core] Completed: SPT.Core
[Info   :   BepInEx] Loading [SPT.Custom 3.9.5]
[Info   :SPT.Custom] Loading: SPT.Custom
[Info   :ModulePatch] Enabled patch EasyAssetsPatch
[Info   :ModulePatch] Enabled patch EasyBundlePatch
[Info   :ModulePatch] Enabled patch BossSpawnChancePatch
[Info   :ModulePatch] Enabled patch BotDifficultyPatch
[Info   :ModulePatch] Enabled patch CoreDifficultyPatch
[Info   :ModulePatch] Enabled patch OfflineRaidMenuPatch
[Info   :ModulePatch] Enabled patch OfflineRaidSettingsMenuPatch
[Info   :ModulePatch] Enabled patch VersionLabelPatch
[Info   :ModulePatch] Enabled patch IsEnemyPatch
[Info   :ModulePatch] Enabled patch BotCalledDataTryCallPatch
[Info   :ModulePatch] Enabled patch BotOwnerDisposePatch
[Info   :ModulePatch] Enabled patch LocationLootCacheBustingPatch
[Info   :ModulePatch] Enabled patch CheckAndAddEnemyPatch
[Info   :ModulePatch] Enabled patch BotSelfEnemyPatch
[Info   :ModulePatch] Enabled patch AddEnemyToAllGroupsInBotZonePatch
[Info   :ModulePatch] Enabled patch AirdropPatch
[Info   :ModulePatch] Enabled patch AirdropFlarePatch
[Info   :RequestHandler] [REQUEST]: /singleplayer/bossconvert
[Info   :RequestHandler] [REQUEST SUCCESSFUL] /singleplayer/bossconvert
[Info   :ModulePatch] Enabled patch CustomAiPatch
[Info   :ModulePatch] Enabled patch AddTraitorScavsPatch
[Info   :ModulePatch] Enabled patch ExitWhileLootingPatch
[Info   :ModulePatch] Enabled patch QTEPatch
[Info   :ModulePatch] Enabled patch PmcFirstAidPatch
[Info   :ModulePatch] Enabled patch SettingsLocationPatch
[Info   :ModulePatch] Enabled patch SetLocationIdOnRaidStartPatch
[Info   :ModulePatch] Enabled patch RagfairFeePatch
[Info   :ModulePatch] Enabled patch ScavQuestPatch
[Info   :ModulePatch] Enabled patch FixBrokenSpawnOnSandboxPatch
[Info   :ModulePatch] Enabled patch BTRControllerInitPatch
[Info   :ModulePatch] Enabled patch BTRPathLoadPatch
[Info   :ModulePatch] Enabled patch BTRActivateTraderDialogPatch
[Info   :ModulePatch] Enabled patch BTRInteractionPatch
[Info   :ModulePatch] Enabled patch BTRExtractPassengersPatch
[Info   :ModulePatch] Enabled patch BTRBotAttachPatch
[Info   :ModulePatch] Enabled patch BTRReceiveDamageInfoPatch
[Info   :ModulePatch] Enabled patch BTRTurretCanShootPatch
[Info   :ModulePatch] Enabled patch BTRTurretDefaultAimingPositionPatch
[Info   :ModulePatch] Enabled patch BTRIsDoorsClosedPath
[Info   :ModulePatch] Enabled patch BTRPatch
[Info   :ModulePatch] Enabled patch BTRTransferItemsPatch
[Info   :ModulePatch] Enabled patch BTREndRaidItemDeliveryPatch
[Info   :ModulePatch] Enabled patch BTRDestroyAtRaidEndPatch
[Warning:  HarmonyX] BTRVehicleMovementSpeedPatch: You should only patch implemented methods/constructors to avoid issues. Patch the declared method virtual void VehicleBase::Update() instead of virtual void VehicleBase::Update().
[Info   :ModulePatch] Enabled patch BTRVehicleMovementSpeedPatch
[Info   :ModulePatch] Enabled patch BTRPathConfigMapPrefixPatch
[Info   :ModulePatch] Enabled patch ScavItemCheckmarkPatch
[Info   :ModulePatch] Enabled patch ResetTraderServicesPatch
[Info   :ModulePatch] Enabled patch CultistAmuletRemovalPatch
[Info   :ModulePatch] Enabled patch HalloweenExtractPatch
[Info   :ModulePatch] Enabled patch ClampRagdollPatch
[Info   :ModulePatch] Enabled patch DisablePvEPatch
[Info   :ModulePatch] Enabled patch InsurancePlaceItem
[Info   :ModulePatch] Enabled patch FileCachePatch
[Info   :ModulePatch] Enabled patch PMCSpawnParamPatch
[Info   :ModulePatch] Enabled patch FixBotgroupMarkofTheUnknown
[Info   :SPT.Custom] Completed: SPT.Custom
[Info   :   BepInEx] Loading [SPT.Debugging 3.9.5]
[Info   :SPT.Debugging] Loading: SPT.Debugging
[Info   :ModulePatch] Enabled patch EndRaidDebug
[Info   :ModulePatch] Enabled patch LoggerClassLogPatch
[Info   :SPT.Debugging] Completed: SPT.Debugging
[Info   :   BepInEx] Loading [spt.Singleplayer 3.9.5]
[Info   :spt.Singleplayer] Loading: SPT.SinglePlayer
[Info   :ModulePatch] Enabled patch OfflineSaveProfilePatch
[Info   :ModulePatch] Enabled patch ExperienceGainPatch
[Info   :ModulePatch] Enabled patch ScavExperienceGainPatch
[Info   :ModulePatch] Enabled patch MainMenuControllerPatch
[Info   :ModulePatch] Enabled patch PlayerPatch
[Info   :ModulePatch] Enabled patch SelectLocationScreenPatch
[Info   :ModulePatch] Enabled patch InsuranceScreenPatch
[Info   :ModulePatch] Enabled patch BotTemplateLimitPatch
[Info   :ModulePatch] Enabled patch GetNewBotTemplatesPatch
[Info   :ModulePatch] Enabled patch RemoveUsedBotProfilePatch
[Info   :ModulePatch] Enabled patch DogtagPatch
[Info   :ModulePatch] Enabled patch LoadOfflineRaidScreenPatch
[Info   :ModulePatch] Enabled patch ScavPrefabLoadPatch
[Info   :ModulePatch] Enabled patch ScavProfileLoadPatch
[Info   :ModulePatch] Enabled patch ScavExfilPatch
[Info   :ModulePatch] Enabled patch ExfilPointManagerPatch
[Info   :ModulePatch] Enabled patch TinnitusFixPatch
[Info   :ModulePatch] Enabled patch MaxBotPatch
[Info   :ModulePatch] Enabled patch SpawnPmcPatch
[Info   :ModulePatch] Enabled patch PostRaidHealingPricePatch
[Info   :ModulePatch] Enabled patch EndByTimerPatch
[Info   :ModulePatch] Enabled patch InRaidQuestAvailablePatch
[Info   :ModulePatch] Enabled patch PostRaidHealScreenPatch
[Info   :ModulePatch] Enabled patch VoIPTogglerPatch
[Info   :ModulePatch] Enabled patch MidRaidQuestChangePatch
[Info   :ModulePatch] Enabled patch HealthControllerPatch
[Info   :ModulePatch] Enabled patch LighthouseBridgePatch
[Info   :ModulePatch] Enabled patch LighthouseTransmitterPatch
[Info   :ModulePatch] Enabled patch EmptyInfilFixPatch
[Info   :ModulePatch] Enabled patch SmokeGrenadeFuseSoundFixPatch
[Info   :ModulePatch] Enabled patch PlayerToggleSoundFixPatch
[Info   :ModulePatch] Enabled patch PluginErrorNotifierPatch
[Info   :ModulePatch] Enabled patch SpawnProcessNegativeValuePatch
[Info   :ModulePatch] Enabled patch InsuredItemManagerStartPatch
[Info   :ModulePatch] Enabled patch MapReadyButtonPatch
[Info   :ModulePatch] Enabled patch LabsKeycardRemovalPatch
[Info   :ModulePatch] Enabled patch ScavLateStartPatch
[Info   :ModulePatch] Enabled patch GetTraderServicesPatch
[Info   :ModulePatch] Enabled patch PurchaseTraderServicePatch
[Info   :ModulePatch] Enabled patch ScavSellAllPriceStorePatch
[Info   :ModulePatch] Enabled patch ScavSellAllRequestPatch
[Info   :ModulePatch] Enabled patch HideoutQuestIgnorePatch
[Info   :ModulePatch] Enabled patch LightKeeperServicesPatch
[Info   :ModulePatch] Enabled patch ScavEncyclopediaPatch
[Info   :ModulePatch] Enabled patch ScavRepAdjustmentPatch
[Info   :ModulePatch] Enabled patch AmmoUsedCounterPatch
[Info   :ModulePatch] Enabled patch ArmorDamageCounterPatch
[Info   :ModulePatch] Enabled patch FixAchievementsPatch
[Info   :spt.Singleplayer] Completed: SPT.SinglePlayer
[Message:   BepInEx] Chainloader startup complete
[Info   :RequestHandler] [REQUEST]: /singleplayer/settings/version
[Info   :RequestHandler] [REQUEST SUCCESSFUL] /singleplayer/settings/version
[Info   :RequestHandler] [REQUEST]: /singleplayer/release
[Info   :RequestHandler] [REQUEST SUCCESSFUL] /singleplayer/release
[Info   :RequestHandler] [REQUEST]: /singleplayer/enableBSGlogging
[Info   :RequestHandler] [REQUEST SUCCESSFUL] /singleplayer/enableBSGlogging
[Info   :RequestHandler] [REQUEST]: /singleplayer/bundles
[Info   :RequestHandler] [REQUEST SUCCESSFUL] /singleplayer/bundles
[Info   :RequestHandler] [REQUEST]: /singleplayer/settings/version
[Info   :RequestHandler] [REQUEST SUCCESSFUL] /singleplayer/settings/version
[Info   :ModulePatch] Server version: SPT 3.9.5 - e4ba92
[Info   :RequestHandler] [REQUEST]: /singleplayer/log
[Info   :RequestHandler] [REQUEST SUCCESSFUL] /singleplayer/log
[Info   :RequestHandler] [REQUEST]: /singleplayer/log
[Info   :RequestHandler] [REQUEST SUCCESSFUL] /singleplayer/log
[Info   :RequestHandler] [REQUEST]: /singleplayer/log
[Info   :RequestHandler] [REQUEST SUCCESSFUL] /singleplayer/log
[Info   :RequestHandler] [REQUEST]: /singleplayer/settings/raid/menu
[Info   :RequestHandler] [REQUEST SUCCESSFUL] /singleplayer/settings/raid/menu
[Info   :RequestHandler] [REQUEST]: /player/health/sync
[Info   :RequestHandler] [REQUEST SUCCESSFUL] /player/health/sync
[Info   :RequestHandler] [REQUEST]: /singleplayer/settings/getRaidTime
[Info   :RequestHandler] [REQUEST SUCCESSFUL] /singleplayer/settings/getRaidTime
[Info   :RequestHandler] [REQUEST]: /singleplayer/settings/bot/difficulties
[Info   :RequestHandler] [REQUEST SUCCESSFUL] /singleplayer/settings/bot/difficulties
[Info   :RequestHandler] [REQUEST]: /singleplayer/settings/bot/difficulty/core/core
[Info   :RequestHandler] [REQUEST SUCCESSFUL] /singleplayer/settings/bot/difficulty/core/core
[Info   :RequestHandler] [REQUEST]: /singleplayer/settings/bot/limit/assault
[Info   :RequestHandler] [REQUEST SUCCESSFUL] /singleplayer/settings/bot/limit/assault
[Info   :RequestHandler] [REQUEST]: /singleplayer/settings/bot/limit/pmcBEAR
[Info   :RequestHandler] [REQUEST SUCCESSFUL] /singleplayer/settings/bot/limit/pmcBEAR
[Info   :RequestHandler] [REQUEST]: /singleplayer/settings/bot/limit/pmcUSEC
[Info   :RequestHandler] [REQUEST SUCCESSFUL] /singleplayer/settings/bot/limit/pmcUSEC
